2020-07-01 23:20:18,079 - __main__ - INFO - configuration parameters: {'__module__': 'config', 'SCRAPE_DURING_DOWNLOAD': True, 'SCRAPER_VERSION': '202006.1', 'ROOT': 'https://www.fool.com', 'EARNINGS_LINKS_ROOT': 'https://www.fool.com/earnings-call-transcripts', 'EARNINGS_TRANSCRIPTS_ROOT': 'https://www.fool.com/earnings/call-transcripts', 'START_PAGE': 1, 'TRAVERSE_ALL_PAGES_FOR_NEW_URLS': False, 'MIN_SLEEP_BETWEEN_REQUESTS': 2, 'MAX_SLEEP_BETWEEN_REQUESTS': 8, 'MAX_N_TRANSCRIPT_DOWNLOADS': None, 'S3_REGION_NAME': 'us-west-2', 'S3_FOOLCALLS_BUCKET': 'fool-calls', 'S3_OBJECT_ROOT': 'https://s3.console.aws.amazon.com/s3/object', 'ATHENA_REGION_NAME': 'us-west-2', 'ATHENA_OUTPUT_BUCKET': 'fool-calls-athena-output', 'ATHENA_SLEEP_BETWEEN_REQUESTS': 3, 'ATHENA_QUERY_TIMEOUT': 200, '__dict__': <attribute '__dict__' of 'FoolCalls' objects>, '__weakref__': <attribute '__weakref__' of 'FoolCalls' objects>, '__doc__': None}
2020-07-01 23:20:18,079 - __main__ - INFO - input parameters: overwrite=False
2020-07-01 23:20:25,997 - requestors - INFO - request: {'url': 'https://www.fool.com/earnings-call-transcripts', 'params': {'page': 1}, 'headers': {'User-Agent': 'Mozilla/5.0 (Windows NT 5.1; Win64; x64) AppleWebKit/537.36 (KHTML, like Gecko) Chrome/60.0.3112.90 Safari/537.36'}}
2020-07-01 23:20:26,584 - utils.decorators - INFO - post request sleep for 4 seconds ...
2020-07-01 23:20:30,597 - __main__ - INFO - 20 unprocessed urls on page 1
2020-07-01 23:20:30,597 - requestors - INFO - request: {'url': 'https://www.fool.com/earnings-call-transcripts', 'params': {'page': 3}, 'headers': {'User-Agent': 'Mozilla/5.0 (Windows NT 6.1; Win64; x64) AppleWebKit/537.36 (KHTML, like Gecko) Chrome/57.0.2987.133 Safari/537.36'}}
2020-07-01 23:20:31,141 - utils.decorators - INFO - post request sleep for 8 seconds ...
2020-07-01 23:20:39,149 - __main__ - INFO - 3 unprocessed urls on page 3
2020-07-01 23:20:39,149 - requestors - INFO - request: {'url': 'https://www.fool.com/earnings-call-transcripts', 'params': {'page': 5}, 'headers': {'User-Agent': 'Mozilla/5.0 (Windows NT 6.1; Win64; x64; Trident/7.0; rv:11.0) like Gecko'}}
2020-07-01 23:20:39,766 - utils.decorators - INFO - post request sleep for 4 seconds ...
2020-07-01 23:20:43,773 - __main__ - INFO - 0 unprocessed urls on page 5
2020-07-01 23:20:43,773 - __main__ - INFO - ***** 46 transcripts have been queued for downloading ***** 
2020-07-01 23:20:43,774 - __main__ - INFO - now downloading/scraping 1 of 46
2020-07-01 23:20:44,331 - requestors - INFO - request: {'url': 'https://www.fool.com/earnings/call-transcripts/2020/06/30/methode-electronics-inc-mei-q4-2020-earnings-call.aspx', 'headers': {'User-Agent': 'Mozilla/5.0 (Windows NT 10.0; Win64; x64) AppleWebKit/537.36 (KHTML, like Gecko) Chrome/57.0.2987.133 Safari/537.36'}}
2020-07-01 23:20:44,331 - utils.decorators - INFO - post request sleep for 3 seconds ...
2020-07-01 23:20:47,657 - __main__ - INFO - s3 upload success: https://s3.console.aws.amazon.com/s3/object/fool-calls/state=downloaded/rundate=20200701/cid=2020-06-30-methode-electronics-inc-mei-q4-2020-earnings-call.gz
2020-07-01 23:20:47,657 - scraper - INFO - scraping cid: 2020-06-30-methode-electronics-inc-mei-q4-2020-earnings-call; with url: https://www.fool.com/earnings/call-transcripts/2020/06/30/methode-electronics-inc-mei-q4-2020-earnings-call.aspx
2020-07-01 23:20:47,665 - extractors - INFO - successfully identified all 8 selectors/containers
2020-07-01 23:20:47,666 - extractors - INFO - successfully extracted call-level metadata from transcript
2020-07-01 23:20:47,671 - extractors - INFO - successfully extracted all statements (and statement-level metadata) from the transcript
2020-07-01 23:20:48,012 - scraper - INFO - s3 upload success: https://s3.console.aws.amazon.com/s3/object/fool-calls/state=structured/version=202006.1/cid=2020-06-30-methode-electronics-inc-mei-q4-2020-earnings-call.json
2020-07-01 23:20:48,014 - __main__ - INFO - now downloading/scraping 2 of 46
2020-07-01 23:20:48,309 - requestors - INFO - request: {'url': 'https://www.fool.com/earnings/call-transcripts/2020/06/30/global-cord-blood-corporation-co-q4-2020-earnings.aspx', 'headers': {'User-Agent': 'Mozilla/5.0 (Windows NT 10.0; Win64; x64) AppleWebKit/537.36 (KHTML, like Gecko) Chrome/55.0.2883.87 Safari/537.36'}}
2020-07-01 23:20:48,309 - utils.decorators - INFO - post request sleep for 6 seconds ...
2020-07-01 23:20:54,694 - __main__ - INFO - s3 upload success: https://s3.console.aws.amazon.com/s3/object/fool-calls/state=downloaded/rundate=20200701/cid=2020-06-30-global-cord-blood-corporation-co-q4-2020-earnings.gz
2020-07-01 23:20:54,694 - scraper - INFO - scraping cid: 2020-06-30-global-cord-blood-corporation-co-q4-2020-earnings; with url: https://www.fool.com/earnings/call-transcripts/2020/06/30/global-cord-blood-corporation-co-q4-2020-earnings.aspx
2020-07-01 23:20:54,700 - extractors - INFO - successfully identified all 8 selectors/containers
2020-07-01 23:20:54,701 - extractors - INFO - successfully extracted call-level metadata from transcript
2020-07-01 23:20:54,703 - extractors - INFO - successfully extracted all statements (and statement-level metadata) from the transcript
2020-07-01 23:20:55,027 - scraper - INFO - s3 upload success: https://s3.console.aws.amazon.com/s3/object/fool-calls/state=structured/version=202006.1/cid=2020-06-30-global-cord-blood-corporation-co-q4-2020-earnings.json
2020-07-01 23:20:55,029 - __main__ - INFO - now downloading/scraping 3 of 46
2020-07-01 23:20:55,358 - requestors - INFO - request: {'url': 'https://www.fool.com/earnings/call-transcripts/2020/07/01/pebblebrook-hotel-trust-peb-q2-2020-earnings-call.aspx', 'headers': {'User-Agent': 'Mozilla/4.0 (compatible; MSIE 9.0; Windows NT 6.1)'}}
2020-07-01 23:20:55,359 - utils.decorators - INFO - post request sleep for 8 seconds ...
2020-07-01 23:21:03,679 - __main__ - INFO - s3 upload success: https://s3.console.aws.amazon.com/s3/object/fool-calls/state=downloaded/rundate=20200701/cid=2020-07-01-pebblebrook-hotel-trust-peb-q2-2020-earnings-call.gz
2020-07-01 23:21:03,679 - scraper - INFO - scraping cid: 2020-07-01-pebblebrook-hotel-trust-peb-q2-2020-earnings-call; with url: https://www.fool.com/earnings/call-transcripts/2020/07/01/pebblebrook-hotel-trust-peb-q2-2020-earnings-call.aspx
2020-07-01 23:21:03,687 - extractors - INFO - successfully identified all 8 selectors/containers
2020-07-01 23:21:03,688 - extractors - INFO - successfully extracted call-level metadata from transcript
2020-07-01 23:21:03,697 - extractors - INFO - successfully extracted all statements (and statement-level metadata) from the transcript
2020-07-01 23:21:03,984 - scraper - INFO - s3 upload success: https://s3.console.aws.amazon.com/s3/object/fool-calls/state=structured/version=202006.1/cid=2020-07-01-pebblebrook-hotel-trust-peb-q2-2020-earnings-call.json
2020-07-01 23:21:03,986 - __main__ - INFO - now downloading/scraping 4 of 46
2020-07-01 23:21:04,321 - requestors - INFO - request: {'url': 'https://www.fool.com/earnings/call-transcripts/2020/07/01/macys-inc-m-q1-2020-earnings-call-transcript.aspx', 'headers': {'User-Agent': 'Mozilla/5.0 (compatible; MSIE 10.0; Windows NT 6.1; WOW64; Trident/6.0)'}}
2020-07-01 23:21:04,321 - utils.decorators - INFO - post request sleep for 7 seconds ...
2020-07-01 23:21:11,708 - __main__ - INFO - s3 upload success: https://s3.console.aws.amazon.com/s3/object/fool-calls/state=downloaded/rundate=20200701/cid=2020-07-01-macys-inc-m-q1-2020-earnings-call-transcript.gz
2020-07-01 23:21:11,708 - scraper - INFO - scraping cid: 2020-07-01-macys-inc-m-q1-2020-earnings-call-transcript; with url: https://www.fool.com/earnings/call-transcripts/2020/07/01/macys-inc-m-q1-2020-earnings-call-transcript.aspx
2020-07-01 23:21:11,716 - extractors - INFO - successfully identified all 8 selectors/containers
2020-07-01 23:21:11,717 - extractors - INFO - successfully extracted call-level metadata from transcript
2020-07-01 23:21:11,724 - extractors - INFO - successfully extracted all statements (and statement-level metadata) from the transcript
2020-07-01 23:21:12,049 - scraper - INFO - s3 upload success: https://s3.console.aws.amazon.com/s3/object/fool-calls/state=structured/version=202006.1/cid=2020-07-01-macys-inc-m-q1-2020-earnings-call-transcript.json
2020-07-01 23:21:12,050 - __main__ - INFO - now downloading/scraping 5 of 46
2020-07-01 23:21:12,384 - requestors - INFO - request: {'url': 'https://www.fool.com/earnings/call-transcripts/2020/06/30/acuity-brands-inc-ayi-q3-2020-earnings-call-transc.aspx', 'headers': {'User-Agent': 'Mozilla/5.0 (Windows NT 10.0; WOW64; Trident/7.0; rv:11.0) like Gecko'}}
2020-07-01 23:21:12,384 - utils.decorators - INFO - post request sleep for 5 seconds ...
2020-07-01 23:21:17,695 - __main__ - INFO - s3 upload success: https://s3.console.aws.amazon.com/s3/object/fool-calls/state=downloaded/rundate=20200701/cid=2020-06-30-acuity-brands-inc-ayi-q3-2020-earnings-call-transc.gz
2020-07-01 23:21:17,695 - scraper - INFO - scraping cid: 2020-06-30-acuity-brands-inc-ayi-q3-2020-earnings-call-transc; with url: https://www.fool.com/earnings/call-transcripts/2020/06/30/acuity-brands-inc-ayi-q3-2020-earnings-call-transc.aspx
2020-07-01 23:21:17,702 - extractors - INFO - successfully identified all 8 selectors/containers
2020-07-01 23:21:17,703 - extractors - INFO - successfully extracted call-level metadata from transcript
2020-07-01 23:21:17,708 - extractors - INFO - successfully extracted all statements (and statement-level metadata) from the transcript
2020-07-01 23:21:18,055 - scraper - INFO - s3 upload success: https://s3.console.aws.amazon.com/s3/object/fool-calls/state=structured/version=202006.1/cid=2020-06-30-acuity-brands-inc-ayi-q3-2020-earnings-call-transc.json
2020-07-01 23:21:18,056 - __main__ - INFO - now downloading/scraping 6 of 46
2020-07-01 23:21:18,759 - requestors - INFO - request: {'url': 'https://www.fool.com/earnings/call-transcripts/2020/06/30/exela-technologies-inc-xela-q1-2020-earnings-call.aspx', 'headers': {'User-Agent': 'Mozilla/5.0 (Windows NT 6.1; Trident/7.0; rv:11.0) like Gecko'}}
2020-07-01 23:21:18,760 - utils.decorators - INFO - post request sleep for 5 seconds ...
2020-07-01 23:21:24,171 - __main__ - INFO - s3 upload success: https://s3.console.aws.amazon.com/s3/object/fool-calls/state=downloaded/rundate=20200701/cid=2020-06-30-exela-technologies-inc-xela-q1-2020-earnings-call.gz
2020-07-01 23:21:24,171 - scraper - INFO - scraping cid: 2020-06-30-exela-technologies-inc-xela-q1-2020-earnings-call; with url: https://www.fool.com/earnings/call-transcripts/2020/06/30/exela-technologies-inc-xela-q1-2020-earnings-call.aspx
2020-07-01 23:21:24,180 - extractors - INFO - successfully identified all 8 selectors/containers
2020-07-01 23:21:24,181 - extractors - INFO - successfully extracted call-level metadata from transcript
2020-07-01 23:21:24,187 - extractors - INFO - successfully extracted all statements (and statement-level metadata) from the transcript
2020-07-01 23:21:24,476 - scraper - INFO - s3 upload success: https://s3.console.aws.amazon.com/s3/object/fool-calls/state=structured/version=202006.1/cid=2020-06-30-exela-technologies-inc-xela-q1-2020-earnings-call.json
2020-07-01 23:21:24,478 - __main__ - INFO - now downloading/scraping 7 of 46
2020-07-01 23:21:25,126 - requestors - INFO - request: {'url': 'https://www.fool.com/earnings/call-transcripts/2020/06/29/micron-technology-inc-mu-q3-2020-earnings-call-tra.aspx', 'headers': {'User-Agent': 'Mozilla/4.0 (compatible; MSIE 9.0; Windows NT 6.1)'}}
2020-07-01 23:21:25,126 - utils.decorators - INFO - post request sleep for 5 seconds ...
2020-07-01 23:21:30,458 - __main__ - INFO - s3 upload success: https://s3.console.aws.amazon.com/s3/object/fool-calls/state=downloaded/rundate=20200701/cid=2020-06-29-micron-technology-inc-mu-q3-2020-earnings-call-tra.gz
2020-07-01 23:21:30,458 - scraper - INFO - scraping cid: 2020-06-29-micron-technology-inc-mu-q3-2020-earnings-call-tra; with url: https://www.fool.com/earnings/call-transcripts/2020/06/29/micron-technology-inc-mu-q3-2020-earnings-call-tra.aspx
2020-07-01 23:21:30,465 - extractors - INFO - successfully identified all 8 selectors/containers
2020-07-01 23:21:30,466 - extractors - INFO - successfully extracted call-level metadata from transcript
2020-07-01 23:21:30,473 - extractors - INFO - successfully extracted all statements (and statement-level metadata) from the transcript
2020-07-01 23:21:30,837 - scraper - INFO - s3 upload success: https://s3.console.aws.amazon.com/s3/object/fool-calls/state=structured/version=202006.1/cid=2020-06-29-micron-technology-inc-mu-q3-2020-earnings-call-tra.json
2020-07-01 23:21:30,839 - __main__ - INFO - now downloading/scraping 8 of 46
2020-07-01 23:21:31,190 - requestors - INFO - request: {'url': 'https://www.fool.com/earnings/call-transcripts/2020/06/30/avid-bioservices-inc-cdmo-q4-2020-earnings-call-tr.aspx', 'headers': {'User-Agent': 'Mozilla/5.0 (Windows NT 6.1; Win64; x64) AppleWebKit/537.36 (KHTML, like Gecko) Chrome/57.0.2987.133 Safari/537.36'}}
2020-07-01 23:21:31,190 - utils.decorators - INFO - post request sleep for 5 seconds ...
2020-07-01 23:21:36,474 - __main__ - INFO - s3 upload success: https://s3.console.aws.amazon.com/s3/object/fool-calls/state=downloaded/rundate=20200701/cid=2020-06-30-avid-bioservices-inc-cdmo-q4-2020-earnings-call-tr.gz
2020-07-01 23:21:36,474 - scraper - INFO - scraping cid: 2020-06-30-avid-bioservices-inc-cdmo-q4-2020-earnings-call-tr; with url: https://www.fool.com/earnings/call-transcripts/2020/06/30/avid-bioservices-inc-cdmo-q4-2020-earnings-call-tr.aspx
2020-07-01 23:21:36,481 - extractors - INFO - successfully identified all 8 selectors/containers
2020-07-01 23:21:36,482 - extractors - INFO - successfully extracted call-level metadata from transcript
2020-07-01 23:21:36,486 - extractors - INFO - successfully extracted all statements (and statement-level metadata) from the transcript
2020-07-01 23:21:36,794 - scraper - INFO - s3 upload success: https://s3.console.aws.amazon.com/s3/object/fool-calls/state=structured/version=202006.1/cid=2020-06-30-avid-bioservices-inc-cdmo-q4-2020-earnings-call-tr.json
2020-07-01 23:21:36,795 - __main__ - INFO - now downloading/scraping 9 of 46
2020-07-01 23:21:37,428 - requestors - INFO - request: {'url': 'https://www.fool.com/earnings/call-transcripts/2020/06/26/apogee-enterprises-inc-apog-q1-2021-earnings-call.aspx', 'headers': {'User-Agent': 'Mozilla/5.0 (Windows NT 6.1; Win64; x64) AppleWebKit/537.36 (KHTML, like Gecko) Chrome/60.0.3112.90 Safari/537.36'}}
2020-07-01 23:21:37,428 - utils.decorators - INFO - post request sleep for 2 seconds ...
2020-07-01 23:21:39,794 - __main__ - INFO - s3 upload success: https://s3.console.aws.amazon.com/s3/object/fool-calls/state=downloaded/rundate=20200701/cid=2020-06-26-apogee-enterprises-inc-apog-q1-2021-earnings-call.gz
2020-07-01 23:21:39,794 - scraper - INFO - scraping cid: 2020-06-26-apogee-enterprises-inc-apog-q1-2021-earnings-call; with url: https://www.fool.com/earnings/call-transcripts/2020/06/26/apogee-enterprises-inc-apog-q1-2021-earnings-call.aspx
2020-07-01 23:21:39,802 - extractors - INFO - successfully identified all 8 selectors/containers
2020-07-01 23:21:39,803 - extractors - INFO - successfully extracted call-level metadata from transcript
2020-07-01 23:21:39,808 - extractors - INFO - successfully extracted all statements (and statement-level metadata) from the transcript
2020-07-01 23:21:40,148 - scraper - INFO - s3 upload success: https://s3.console.aws.amazon.com/s3/object/fool-calls/state=structured/version=202006.1/cid=2020-06-26-apogee-enterprises-inc-apog-q1-2021-earnings-call.json
2020-07-01 23:21:40,150 - __main__ - INFO - now downloading/scraping 10 of 46
2020-07-01 23:21:40,495 - requestors - INFO - request: {'url': 'https://www.fool.com/earnings/call-transcripts/2020/06/25/novagold-resources-inc-ng-q2-2020-earnings-call-tr.aspx', 'headers': {'User-Agent': 'Mozilla/4.0 (compatible; MSIE 9.0; Windows NT 6.1)'}}
2020-07-01 23:21:40,496 - utils.decorators - INFO - post request sleep for 8 seconds ...
2020-07-01 23:21:48,847 - __main__ - INFO - s3 upload success: https://s3.console.aws.amazon.com/s3/object/fool-calls/state=downloaded/rundate=20200701/cid=2020-06-25-novagold-resources-inc-ng-q2-2020-earnings-call-tr.gz
2020-07-01 23:21:48,847 - scraper - INFO - scraping cid: 2020-06-25-novagold-resources-inc-ng-q2-2020-earnings-call-tr; with url: https://www.fool.com/earnings/call-transcripts/2020/06/25/novagold-resources-inc-ng-q2-2020-earnings-call-tr.aspx
2020-07-01 23:21:48,855 - extractors - INFO - successfully identified all 8 selectors/containers
2020-07-01 23:21:48,856 - extractors - INFO - successfully extracted call-level metadata from transcript
2020-07-01 23:21:48,861 - extractors - INFO - successfully extracted all statements (and statement-level metadata) from the transcript
2020-07-01 23:21:49,171 - scraper - INFO - s3 upload success: https://s3.console.aws.amazon.com/s3/object/fool-calls/state=structured/version=202006.1/cid=2020-06-25-novagold-resources-inc-ng-q2-2020-earnings-call-tr.json
2020-07-01 23:21:49,173 - __main__ - INFO - now downloading/scraping 11 of 46
2020-07-01 23:21:49,475 - requestors - INFO - request: {'url': 'https://www.fool.com/earnings/call-transcripts/2020/07/01/schnitzer-steel-industries-inc-schn-q3-2020-earnin.aspx', 'headers': {'User-Agent': 'Mozilla/5.0 (compatible; MSIE 9.0; Windows NT 6.0; Trident/5.0)'}}
2020-07-01 23:21:49,475 - utils.decorators - INFO - post request sleep for 8 seconds ...
2020-07-01 23:21:57,801 - __main__ - INFO - s3 upload success: https://s3.console.aws.amazon.com/s3/object/fool-calls/state=downloaded/rundate=20200701/cid=2020-07-01-schnitzer-steel-industries-inc-schn-q3-2020-earnin.gz
2020-07-01 23:21:57,801 - scraper - INFO - scraping cid: 2020-07-01-schnitzer-steel-industries-inc-schn-q3-2020-earnin; with url: https://www.fool.com/earnings/call-transcripts/2020/07/01/schnitzer-steel-industries-inc-schn-q3-2020-earnin.aspx
2020-07-01 23:21:57,808 - extractors - INFO - successfully identified all 8 selectors/containers
2020-07-01 23:21:57,809 - extractors - INFO - successfully extracted call-level metadata from transcript
2020-07-01 23:21:57,810 - extractors - INFO - successfully extracted all statements (and statement-level metadata) from the transcript
2020-07-01 23:21:58,173 - scraper - INFO - s3 upload success: https://s3.console.aws.amazon.com/s3/object/fool-calls/state=structured/version=202006.1/cid=2020-07-01-schnitzer-steel-industries-inc-schn-q3-2020-earnin.json
2020-07-01 23:21:58,174 - __main__ - INFO - now downloading/scraping 12 of 46
2020-07-01 23:21:58,491 - requestors - INFO - request: {'url': 'https://www.fool.com/earnings/call-transcripts/2020/07/01/constellation-brands-inc-stz-q1-2021-earnings-call.aspx', 'headers': {'User-Agent': 'Mozilla/5.0 (Windows NT 6.2; WOW64; Trident/7.0; rv:11.0) like Gecko'}}
2020-07-01 23:21:58,492 - utils.decorators - INFO - post request sleep for 6 seconds ...
2020-07-01 23:22:04,794 - __main__ - INFO - s3 upload success: https://s3.console.aws.amazon.com/s3/object/fool-calls/state=downloaded/rundate=20200701/cid=2020-07-01-constellation-brands-inc-stz-q1-2021-earnings-call.gz
2020-07-01 23:22:04,794 - scraper - INFO - scraping cid: 2020-07-01-constellation-brands-inc-stz-q1-2021-earnings-call; with url: https://www.fool.com/earnings/call-transcripts/2020/07/01/constellation-brands-inc-stz-q1-2021-earnings-call.aspx
2020-07-01 23:22:04,802 - extractors - INFO - successfully identified all 8 selectors/containers
2020-07-01 23:22:04,802 - extractors - INFO - successfully extracted call-level metadata from transcript
2020-07-01 23:22:04,809 - extractors - INFO - successfully extracted all statements (and statement-level metadata) from the transcript
2020-07-01 23:22:05,125 - scraper - INFO - s3 upload success: https://s3.console.aws.amazon.com/s3/object/fool-calls/state=structured/version=202006.1/cid=2020-07-01-constellation-brands-inc-stz-q1-2021-earnings-call.json
2020-07-01 23:22:05,126 - __main__ - INFO - now downloading/scraping 13 of 46
2020-07-01 23:22:05,427 - requestors - INFO - request: {'url': 'https://www.fool.com/earnings/call-transcripts/2020/06/30/rti-surgical-inc-rtix-q1-2020-earnings-call-transc.aspx', 'headers': {'User-Agent': 'Mozilla/5.0 (Windows NT 6.1; Trident/7.0; rv:11.0) like Gecko'}}
2020-07-01 23:22:05,427 - utils.decorators - INFO - post request sleep for 5 seconds ...
2020-07-01 23:22:10,716 - __main__ - INFO - s3 upload success: https://s3.console.aws.amazon.com/s3/object/fool-calls/state=downloaded/rundate=20200701/cid=2020-06-30-rti-surgical-inc-rtix-q1-2020-earnings-call-transc.gz
2020-07-01 23:22:10,716 - scraper - INFO - scraping cid: 2020-06-30-rti-surgical-inc-rtix-q1-2020-earnings-call-transc; with url: https://www.fool.com/earnings/call-transcripts/2020/06/30/rti-surgical-inc-rtix-q1-2020-earnings-call-transc.aspx
2020-07-01 23:22:10,725 - extractors - INFO - successfully identified all 8 selectors/containers
2020-07-01 23:22:10,726 - extractors - INFO - successfully extracted call-level metadata from transcript
2020-07-01 23:22:10,732 - extractors - INFO - successfully extracted all statements (and statement-level metadata) from the transcript
2020-07-01 23:22:11,019 - scraper - INFO - s3 upload success: https://s3.console.aws.amazon.com/s3/object/fool-calls/state=structured/version=202006.1/cid=2020-06-30-rti-surgical-inc-rtix-q1-2020-earnings-call-transc.json
2020-07-01 23:22:11,021 - __main__ - INFO - now downloading/scraping 14 of 46
2020-07-01 23:22:11,408 - requestors - INFO - request: {'url': 'https://www.fool.com/earnings/call-transcripts/2020/06/30/fedex-corp-fdx-q4-2020-earnings-call-transcript.aspx', 'headers': {'User-Agent': 'Mozilla/5.0 (Windows NT 6.1; Win64; x64) AppleWebKit/537.36 (KHTML, like Gecko) Chrome/55.0.2883.87 Safari/537.36'}}
2020-07-01 23:22:11,408 - utils.decorators - INFO - post request sleep for 5 seconds ...
2020-07-01 23:22:16,703 - __main__ - INFO - s3 upload success: https://s3.console.aws.amazon.com/s3/object/fool-calls/state=downloaded/rundate=20200701/cid=2020-06-30-fedex-corp-fdx-q4-2020-earnings-call-transcript.gz
2020-07-01 23:22:16,703 - scraper - INFO - scraping cid: 2020-06-30-fedex-corp-fdx-q4-2020-earnings-call-transcript; with url: https://www.fool.com/earnings/call-transcripts/2020/06/30/fedex-corp-fdx-q4-2020-earnings-call-transcript.aspx
2020-07-01 23:22:16,711 - extractors - INFO - successfully identified all 8 selectors/containers
2020-07-01 23:22:16,712 - extractors - INFO - successfully extracted call-level metadata from transcript
2020-07-01 23:22:16,719 - extractors - INFO - successfully extracted all statements (and statement-level metadata) from the transcript
2020-07-01 23:22:17,134 - scraper - INFO - s3 upload success: https://s3.console.aws.amazon.com/s3/object/fool-calls/state=structured/version=202006.1/cid=2020-06-30-fedex-corp-fdx-q4-2020-earnings-call-transcript.json
2020-07-01 23:22:17,136 - __main__ - INFO - now downloading/scraping 15 of 46
2020-07-01 23:22:17,457 - requestors - INFO - request: {'url': 'https://www.fool.com/earnings/call-transcripts/2020/06/30/herman-miller-inc-mlhr-q4-2020-earnings-call-trans.aspx', 'headers': {'User-Agent': 'Mozilla/5.0 (Windows NT 6.1; Win64; x64) AppleWebKit/537.36 (KHTML, like Gecko) Chrome/60.0.3112.90 Safari/537.36'}}
2020-07-01 23:22:17,457 - utils.decorators - INFO - post request sleep for 2 seconds ...
2020-07-01 23:22:19,844 - __main__ - INFO - s3 upload success: https://s3.console.aws.amazon.com/s3/object/fool-calls/state=downloaded/rundate=20200701/cid=2020-06-30-herman-miller-inc-mlhr-q4-2020-earnings-call-trans.gz
2020-07-01 23:22:19,845 - scraper - INFO - scraping cid: 2020-06-30-herman-miller-inc-mlhr-q4-2020-earnings-call-trans; with url: https://www.fool.com/earnings/call-transcripts/2020/06/30/herman-miller-inc-mlhr-q4-2020-earnings-call-trans.aspx
2020-07-01 23:22:19,852 - extractors - INFO - successfully identified all 8 selectors/containers
2020-07-01 23:22:19,853 - extractors - INFO - successfully extracted call-level metadata from transcript
2020-07-01 23:22:19,858 - extractors - INFO - successfully extracted all statements (and statement-level metadata) from the transcript
2020-07-01 23:22:20,147 - scraper - INFO - s3 upload success: https://s3.console.aws.amazon.com/s3/object/fool-calls/state=structured/version=202006.1/cid=2020-06-30-herman-miller-inc-mlhr-q4-2020-earnings-call-trans.json
2020-07-01 23:22:20,149 - __main__ - INFO - now downloading/scraping 16 of 46
2020-07-01 23:22:20,478 - requestors - INFO - request: {'url': 'https://www.fool.com/earnings/call-transcripts/2020/07/01/unifirst-corp-unf-q3-2020-earnings-call-transcript.aspx', 'headers': {'User-Agent': 'Mozilla/5.0 (Windows NT 6.1; WOW64; Trident/7.0; rv:11.0) like Gecko'}}
2020-07-01 23:22:20,478 - utils.decorators - INFO - post request sleep for 3 seconds ...
2020-07-01 23:22:23,767 - __main__ - INFO - s3 upload success: https://s3.console.aws.amazon.com/s3/object/fool-calls/state=downloaded/rundate=20200701/cid=2020-07-01-unifirst-corp-unf-q3-2020-earnings-call-transcript.gz
2020-07-01 23:22:23,767 - scraper - INFO - scraping cid: 2020-07-01-unifirst-corp-unf-q3-2020-earnings-call-transcript; with url: https://www.fool.com/earnings/call-transcripts/2020/07/01/unifirst-corp-unf-q3-2020-earnings-call-transcript.aspx
2020-07-01 23:22:23,773 - extractors - INFO - successfully identified all 8 selectors/containers
2020-07-01 23:22:23,774 - extractors - INFO - successfully extracted call-level metadata from transcript
2020-07-01 23:22:23,777 - extractors - INFO - successfully extracted all statements (and statement-level metadata) from the transcript
2020-07-01 23:22:24,099 - scraper - INFO - s3 upload success: https://s3.console.aws.amazon.com/s3/object/fool-calls/state=structured/version=202006.1/cid=2020-07-01-unifirst-corp-unf-q3-2020-earnings-call-transcript.json
2020-07-01 23:22:24,100 - __main__ - INFO - now downloading/scraping 17 of 46
2020-07-01 23:22:24,766 - requestors - INFO - request: {'url': 'https://www.fool.com/earnings/call-transcripts/2020/06/26/makemytrip-limited-mmyt-q4-2020-earnings-call-tran.aspx', 'headers': {'User-Agent': 'Mozilla/5.0 (Windows NT 6.1; WOW64; Trident/7.0; rv:11.0) like Gecko'}}
2020-07-01 23:22:24,767 - utils.decorators - INFO - post request sleep for 6 seconds ...
2020-07-01 23:22:31,086 - __main__ - INFO - s3 upload success: https://s3.console.aws.amazon.com/s3/object/fool-calls/state=downloaded/rundate=20200701/cid=2020-06-26-makemytrip-limited-mmyt-q4-2020-earnings-call-tran.gz
2020-07-01 23:22:31,087 - scraper - INFO - scraping cid: 2020-06-26-makemytrip-limited-mmyt-q4-2020-earnings-call-tran; with url: https://www.fool.com/earnings/call-transcripts/2020/06/26/makemytrip-limited-mmyt-q4-2020-earnings-call-tran.aspx
2020-07-01 23:22:31,095 - extractors - INFO - successfully identified all 8 selectors/containers
2020-07-01 23:22:31,095 - extractors - INFO - successfully extracted call-level metadata from transcript
2020-07-01 23:22:31,099 - extractors - INFO - successfully extracted all statements (and statement-level metadata) from the transcript
2020-07-01 23:22:31,462 - scraper - INFO - s3 upload success: https://s3.console.aws.amazon.com/s3/object/fool-calls/state=structured/version=202006.1/cid=2020-06-26-makemytrip-limited-mmyt-q4-2020-earnings-call-tran.json
2020-07-01 23:22:31,464 - __main__ - INFO - now downloading/scraping 18 of 46
2020-07-01 23:22:31,838 - requestors - INFO - request: {'url': 'https://www.fool.com/earnings/call-transcripts/2020/07/01/general-mills-inc-gis-q4-2020-earnings-call-transc.aspx', 'headers': {'User-Agent': 'Mozilla/5.0 (Windows NT 6.1; Trident/7.0; rv:11.0) like Gecko'}}
2020-07-01 23:22:31,838 - utils.decorators - INFO - post request sleep for 4 seconds ...
2020-07-01 23:22:36,407 - __main__ - INFO - s3 upload success: https://s3.console.aws.amazon.com/s3/object/fool-calls/state=downloaded/rundate=20200701/cid=2020-07-01-general-mills-inc-gis-q4-2020-earnings-call-transc.gz
2020-07-01 23:22:36,407 - scraper - INFO - scraping cid: 2020-07-01-general-mills-inc-gis-q4-2020-earnings-call-transc; with url: https://www.fool.com/earnings/call-transcripts/2020/07/01/general-mills-inc-gis-q4-2020-earnings-call-transc.aspx
2020-07-01 23:22:36,415 - extractors - INFO - successfully identified all 8 selectors/containers
2020-07-01 23:22:36,416 - extractors - INFO - successfully extracted call-level metadata from transcript
2020-07-01 23:22:36,425 - extractors - INFO - successfully extracted all statements (and statement-level metadata) from the transcript
2020-07-01 23:22:36,820 - scraper - INFO - s3 upload success: https://s3.console.aws.amazon.com/s3/object/fool-calls/state=structured/version=202006.1/cid=2020-07-01-general-mills-inc-gis-q4-2020-earnings-call-transc.json
2020-07-01 23:22:36,821 - __main__ - INFO - now downloading/scraping 19 of 46
2020-07-01 23:22:37,146 - requestors - INFO - request: {'url': 'https://www.fool.com/earnings/call-transcripts/2020/07/01/capri-holdings-ltd-cpri-q4-2020-earnings-call-tran.aspx', 'headers': {'User-Agent': 'Mozilla/5.0 (Windows NT 6.2; WOW64; Trident/7.0; rv:11.0) like Gecko'}}
2020-07-01 23:22:37,146 - utils.decorators - INFO - post request sleep for 7 seconds ...
2020-07-01 23:22:44,571 - __main__ - INFO - s3 upload success: https://s3.console.aws.amazon.com/s3/object/fool-calls/state=downloaded/rundate=20200701/cid=2020-07-01-capri-holdings-ltd-cpri-q4-2020-earnings-call-tran.gz
2020-07-01 23:22:44,571 - scraper - INFO - scraping cid: 2020-07-01-capri-holdings-ltd-cpri-q4-2020-earnings-call-tran; with url: https://www.fool.com/earnings/call-transcripts/2020/07/01/capri-holdings-ltd-cpri-q4-2020-earnings-call-tran.aspx
2020-07-01 23:22:44,578 - extractors - INFO - successfully identified all 8 selectors/containers
2020-07-01 23:22:44,579 - extractors - INFO - successfully extracted call-level metadata from transcript
2020-07-01 23:22:44,582 - extractors - INFO - successfully extracted all statements (and statement-level metadata) from the transcript
2020-07-01 23:22:44,900 - scraper - INFO - s3 upload success: https://s3.console.aws.amazon.com/s3/object/fool-calls/state=structured/version=202006.1/cid=2020-07-01-capri-holdings-ltd-cpri-q4-2020-earnings-call-tran.json
2020-07-01 23:22:44,902 - __main__ - INFO - now downloading/scraping 20 of 46
2020-07-01 23:22:45,284 - requestors - INFO - request: {'url': 'https://www.fool.com/earnings/call-transcripts/2020/06/30/conagra-brands-inc-cag-q4-2020-earnings-call-trans.aspx', 'headers': {'User-Agent': 'Mozilla/5.0 (compatible; MSIE 9.0; Windows NT 6.1; Trident/5.0)'}}
2020-07-01 23:22:45,284 - utils.decorators - INFO - post request sleep for 5 seconds ...
2020-07-01 23:22:50,672 - __main__ - INFO - s3 upload success: https://s3.console.aws.amazon.com/s3/object/fool-calls/state=downloaded/rundate=20200701/cid=2020-06-30-conagra-brands-inc-cag-q4-2020-earnings-call-trans.gz
2020-07-01 23:22:50,672 - scraper - INFO - scraping cid: 2020-06-30-conagra-brands-inc-cag-q4-2020-earnings-call-trans; with url: https://www.fool.com/earnings/call-transcripts/2020/06/30/conagra-brands-inc-cag-q4-2020-earnings-call-trans.aspx
2020-07-01 23:22:50,679 - extractors - INFO - successfully identified all 8 selectors/containers
2020-07-01 23:22:50,680 - extractors - INFO - successfully extracted call-level metadata from transcript
2020-07-01 23:22:50,688 - extractors - INFO - successfully extracted all statements (and statement-level metadata) from the transcript
2020-07-01 23:22:50,997 - scraper - INFO - s3 upload success: https://s3.console.aws.amazon.com/s3/object/fool-calls/state=structured/version=202006.1/cid=2020-06-30-conagra-brands-inc-cag-q4-2020-earnings-call-trans.json
2020-07-01 23:22:50,998 - __main__ - INFO - now downloading/scraping 21 of 46
2020-07-01 23:22:51,291 - requestors - INFO - request: {'url': 'https://www.fool.com/earnings/call-transcripts/2020/06/30/methode-electronics-inc-mei-q4-2020-earnings-call.aspx', 'headers': {'User-Agent': 'Mozilla/5.0 (compatible; MSIE 10.0; Windows NT 6.1; Trident/6.0)'}}
2020-07-01 23:22:51,291 - utils.decorators - INFO - post request sleep for 4 seconds ...
2020-07-01 23:22:55,593 - __main__ - INFO - s3 upload success: https://s3.console.aws.amazon.com/s3/object/fool-calls/state=downloaded/rundate=20200701/cid=2020-06-30-methode-electronics-inc-mei-q4-2020-earnings-call.gz
2020-07-01 23:22:55,593 - scraper - INFO - scraping cid: 2020-06-30-methode-electronics-inc-mei-q4-2020-earnings-call; with url: https://www.fool.com/earnings/call-transcripts/2020/06/30/methode-electronics-inc-mei-q4-2020-earnings-call.aspx
2020-07-01 23:22:55,599 - extractors - INFO - successfully identified all 8 selectors/containers
2020-07-01 23:22:55,600 - extractors - INFO - successfully extracted call-level metadata from transcript
2020-07-01 23:22:55,603 - extractors - INFO - successfully extracted all statements (and statement-level metadata) from the transcript
2020-07-01 23:22:55,926 - scraper - INFO - s3 upload success: https://s3.console.aws.amazon.com/s3/object/fool-calls/state=structured/version=202006.1/cid=2020-06-30-methode-electronics-inc-mei-q4-2020-earnings-call.json
2020-07-01 23:22:55,927 - __main__ - INFO - now downloading/scraping 22 of 46
2020-07-01 23:22:56,214 - requestors - INFO - request: {'url': 'https://www.fool.com/earnings/call-transcripts/2020/06/30/global-cord-blood-corporation-co-q4-2020-earnings.aspx', 'headers': {'User-Agent': 'Mozilla/5.0 (Windows NT 6.1; Win64; x64; Trident/7.0; rv:11.0) like Gecko'}}
2020-07-01 23:22:56,214 - utils.decorators - INFO - post request sleep for 5 seconds ...
2020-07-01 23:23:01,534 - __main__ - INFO - s3 upload success: https://s3.console.aws.amazon.com/s3/object/fool-calls/state=downloaded/rundate=20200701/cid=2020-06-30-global-cord-blood-corporation-co-q4-2020-earnings.gz
2020-07-01 23:23:01,534 - scraper - INFO - scraping cid: 2020-06-30-global-cord-blood-corporation-co-q4-2020-earnings; with url: https://www.fool.com/earnings/call-transcripts/2020/06/30/global-cord-blood-corporation-co-q4-2020-earnings.aspx
2020-07-01 23:23:01,544 - extractors - INFO - successfully identified all 8 selectors/containers
2020-07-01 23:23:01,545 - extractors - INFO - successfully extracted call-level metadata from transcript
2020-07-01 23:23:01,550 - extractors - INFO - successfully extracted all statements (and statement-level metadata) from the transcript
2020-07-01 23:23:01,852 - scraper - INFO - s3 upload success: https://s3.console.aws.amazon.com/s3/object/fool-calls/state=structured/version=202006.1/cid=2020-06-30-global-cord-blood-corporation-co-q4-2020-earnings.json
2020-07-01 23:23:01,853 - __main__ - INFO - now downloading/scraping 23 of 46
2020-07-01 23:23:02,208 - requestors - INFO - request: {'url': 'https://www.fool.com/earnings/call-transcripts/2020/07/01/pebblebrook-hotel-trust-peb-q2-2020-earnings-call.aspx', 'headers': {'User-Agent': 'Mozilla/5.0 (Windows NT 5.1; Win64; x64) AppleWebKit/537.36 (KHTML, like Gecko) Chrome/60.0.3112.90 Safari/537.36'}}
2020-07-01 23:23:02,208 - utils.decorators - INFO - post request sleep for 4 seconds ...
2020-07-01 23:23:06,549 - __main__ - INFO - s3 upload success: https://s3.console.aws.amazon.com/s3/object/fool-calls/state=downloaded/rundate=20200701/cid=2020-07-01-pebblebrook-hotel-trust-peb-q2-2020-earnings-call.gz
2020-07-01 23:23:06,549 - scraper - INFO - scraping cid: 2020-07-01-pebblebrook-hotel-trust-peb-q2-2020-earnings-call; with url: https://www.fool.com/earnings/call-transcripts/2020/07/01/pebblebrook-hotel-trust-peb-q2-2020-earnings-call.aspx
2020-07-01 23:23:06,557 - extractors - INFO - successfully identified all 8 selectors/containers
2020-07-01 23:23:06,558 - extractors - INFO - successfully extracted call-level metadata from transcript
2020-07-01 23:23:06,568 - extractors - INFO - successfully extracted all statements (and statement-level metadata) from the transcript
2020-07-01 23:23:06,862 - scraper - INFO - s3 upload success: https://s3.console.aws.amazon.com/s3/object/fool-calls/state=structured/version=202006.1/cid=2020-07-01-pebblebrook-hotel-trust-peb-q2-2020-earnings-call.json
2020-07-01 23:23:06,864 - __main__ - INFO - now downloading/scraping 24 of 46
2020-07-01 23:23:07,243 - requestors - INFO - request: {'url': 'https://www.fool.com/earnings/call-transcripts/2020/07/01/macys-inc-m-q1-2020-earnings-call-transcript.aspx', 'headers': {'User-Agent': 'Mozilla/5.0 (Windows NT 10.0; Win64; x64) AppleWebKit/537.36 (KHTML, like Gecko) Chrome/57.0.2987.133 Safari/537.36'}}
2020-07-01 23:23:07,243 - utils.decorators - INFO - post request sleep for 3 seconds ...
2020-07-01 23:23:10,611 - __main__ - INFO - s3 upload success: https://s3.console.aws.amazon.com/s3/object/fool-calls/state=downloaded/rundate=20200701/cid=2020-07-01-macys-inc-m-q1-2020-earnings-call-transcript.gz
2020-07-01 23:23:10,611 - scraper - INFO - scraping cid: 2020-07-01-macys-inc-m-q1-2020-earnings-call-transcript; with url: https://www.fool.com/earnings/call-transcripts/2020/07/01/macys-inc-m-q1-2020-earnings-call-transcript.aspx
2020-07-01 23:23:10,619 - extractors - INFO - successfully identified all 8 selectors/containers
2020-07-01 23:23:10,620 - extractors - INFO - successfully extracted call-level metadata from transcript
2020-07-01 23:23:10,627 - extractors - INFO - successfully extracted all statements (and statement-level metadata) from the transcript
2020-07-01 23:23:10,902 - scraper - INFO - s3 upload success: https://s3.console.aws.amazon.com/s3/object/fool-calls/state=structured/version=202006.1/cid=2020-07-01-macys-inc-m-q1-2020-earnings-call-transcript.json
2020-07-01 23:23:10,904 - __main__ - INFO - now downloading/scraping 25 of 46
2020-07-01 23:23:11,218 - requestors - INFO - request: {'url': 'https://www.fool.com/earnings/call-transcripts/2020/06/30/acuity-brands-inc-ayi-q3-2020-earnings-call-transc.aspx', 'headers': {'User-Agent': 'Mozilla/5.0 (Windows NT 6.2; WOW64; Trident/7.0; rv:11.0) like Gecko'}}
2020-07-01 23:23:11,218 - utils.decorators - INFO - post request sleep for 6 seconds ...
2020-07-01 23:23:17,610 - __main__ - INFO - s3 upload success: https://s3.console.aws.amazon.com/s3/object/fool-calls/state=downloaded/rundate=20200701/cid=2020-06-30-acuity-brands-inc-ayi-q3-2020-earnings-call-transc.gz
2020-07-01 23:23:17,610 - scraper - INFO - scraping cid: 2020-06-30-acuity-brands-inc-ayi-q3-2020-earnings-call-transc; with url: https://www.fool.com/earnings/call-transcripts/2020/06/30/acuity-brands-inc-ayi-q3-2020-earnings-call-transc.aspx
2020-07-01 23:23:17,617 - extractors - INFO - successfully identified all 8 selectors/containers
2020-07-01 23:23:17,618 - extractors - INFO - successfully extracted call-level metadata from transcript
2020-07-01 23:23:17,623 - extractors - INFO - successfully extracted all statements (and statement-level metadata) from the transcript
2020-07-01 23:23:17,896 - scraper - INFO - s3 upload success: https://s3.console.aws.amazon.com/s3/object/fool-calls/state=structured/version=202006.1/cid=2020-06-30-acuity-brands-inc-ayi-q3-2020-earnings-call-transc.json
2020-07-01 23:23:17,897 - __main__ - INFO - now downloading/scraping 26 of 46
2020-07-01 23:23:18,207 - requestors - INFO - request: {'url': 'https://www.fool.com/earnings/call-transcripts/2020/06/30/exela-technologies-inc-xela-q1-2020-earnings-call.aspx', 'headers': {'User-Agent': 'Mozilla/5.0 (Windows NT 5.1; Win64; x64) AppleWebKit/537.36 (KHTML, like Gecko) Chrome/60.0.3112.90 Safari/537.36'}}
2020-07-01 23:23:18,208 - utils.decorators - INFO - post request sleep for 3 seconds ...
2020-07-01 23:23:21,551 - __main__ - INFO - s3 upload success: https://s3.console.aws.amazon.com/s3/object/fool-calls/state=downloaded/rundate=20200701/cid=2020-06-30-exela-technologies-inc-xela-q1-2020-earnings-call.gz
2020-07-01 23:23:21,551 - scraper - INFO - scraping cid: 2020-06-30-exela-technologies-inc-xela-q1-2020-earnings-call; with url: https://www.fool.com/earnings/call-transcripts/2020/06/30/exela-technologies-inc-xela-q1-2020-earnings-call.aspx
2020-07-01 23:23:21,558 - extractors - INFO - successfully identified all 8 selectors/containers
2020-07-01 23:23:21,559 - extractors - INFO - successfully extracted call-level metadata from transcript
2020-07-01 23:23:21,564 - extractors - INFO - successfully extracted all statements (and statement-level metadata) from the transcript
2020-07-01 23:23:21,887 - scraper - INFO - s3 upload success: https://s3.console.aws.amazon.com/s3/object/fool-calls/state=structured/version=202006.1/cid=2020-06-30-exela-technologies-inc-xela-q1-2020-earnings-call.json
2020-07-01 23:23:21,890 - __main__ - INFO - now downloading/scraping 27 of 46
2020-07-01 23:23:22,206 - requestors - INFO - request: {'url': 'https://www.fool.com/earnings/call-transcripts/2020/06/29/micron-technology-inc-mu-q3-2020-earnings-call-tra.aspx', 'headers': {'User-Agent': 'Mozilla/5.0 (X11; Linux x86_64) AppleWebKit/537.36 (KHTML, like Gecko) Chrome/44.0.2403.157 Safari/537.36'}}
2020-07-01 23:23:22,206 - utils.decorators - INFO - post request sleep for 6 seconds ...
2020-07-01 23:23:28,674 - __main__ - INFO - s3 upload success: https://s3.console.aws.amazon.com/s3/object/fool-calls/state=downloaded/rundate=20200701/cid=2020-06-29-micron-technology-inc-mu-q3-2020-earnings-call-tra.gz
2020-07-01 23:23:28,674 - scraper - INFO - scraping cid: 2020-06-29-micron-technology-inc-mu-q3-2020-earnings-call-tra; with url: https://www.fool.com/earnings/call-transcripts/2020/06/29/micron-technology-inc-mu-q3-2020-earnings-call-tra.aspx
2020-07-01 23:23:28,681 - extractors - INFO - successfully identified all 8 selectors/containers
2020-07-01 23:23:28,682 - extractors - INFO - successfully extracted call-level metadata from transcript
2020-07-01 23:23:28,688 - extractors - INFO - successfully extracted all statements (and statement-level metadata) from the transcript
2020-07-01 23:23:29,020 - scraper - INFO - s3 upload success: https://s3.console.aws.amazon.com/s3/object/fool-calls/state=structured/version=202006.1/cid=2020-06-29-micron-technology-inc-mu-q3-2020-earnings-call-tra.json
2020-07-01 23:23:29,021 - __main__ - INFO - now downloading/scraping 28 of 46
2020-07-01 23:23:30,498 - requestors - INFO - request: {'url': 'https://www.fool.com/earnings/call-transcripts/2020/06/30/avid-bioservices-inc-cdmo-q4-2020-earnings-call-tr.aspx', 'headers': {'User-Agent': 'Mozilla/5.0 (Windows NT 6.1; Win64; x64) AppleWebKit/537.36 (KHTML, like Gecko) Chrome/55.0.2883.87 Safari/537.36'}}
2020-07-01 23:23:30,498 - utils.decorators - INFO - post request sleep for 6 seconds ...
2020-07-01 23:23:36,803 - __main__ - INFO - s3 upload success: https://s3.console.aws.amazon.com/s3/object/fool-calls/state=downloaded/rundate=20200701/cid=2020-06-30-avid-bioservices-inc-cdmo-q4-2020-earnings-call-tr.gz
2020-07-01 23:23:36,803 - scraper - INFO - scraping cid: 2020-06-30-avid-bioservices-inc-cdmo-q4-2020-earnings-call-tr; with url: https://www.fool.com/earnings/call-transcripts/2020/06/30/avid-bioservices-inc-cdmo-q4-2020-earnings-call-tr.aspx
2020-07-01 23:23:36,810 - extractors - INFO - successfully identified all 8 selectors/containers
2020-07-01 23:23:36,811 - extractors - INFO - successfully extracted call-level metadata from transcript
2020-07-01 23:23:36,815 - extractors - INFO - successfully extracted all statements (and statement-level metadata) from the transcript
2020-07-01 23:23:37,080 - scraper - INFO - s3 upload success: https://s3.console.aws.amazon.com/s3/object/fool-calls/state=structured/version=202006.1/cid=2020-06-30-avid-bioservices-inc-cdmo-q4-2020-earnings-call-tr.json
2020-07-01 23:23:37,081 - __main__ - INFO - now downloading/scraping 29 of 46
2020-07-01 23:23:37,602 - requestors - INFO - request: {'url': 'https://www.fool.com/earnings/call-transcripts/2020/06/26/apogee-enterprises-inc-apog-q1-2021-earnings-call.aspx', 'headers': {'User-Agent': 'Mozilla/5.0 (compatible; MSIE 9.0; Windows NT 6.1; Trident/5.0)'}}
2020-07-01 23:23:37,602 - utils.decorators - INFO - post request sleep for 3 seconds ...
2020-07-01 23:23:40,895 - __main__ - INFO - s3 upload success: https://s3.console.aws.amazon.com/s3/object/fool-calls/state=downloaded/rundate=20200701/cid=2020-06-26-apogee-enterprises-inc-apog-q1-2021-earnings-call.gz
2020-07-01 23:23:40,896 - scraper - INFO - scraping cid: 2020-06-26-apogee-enterprises-inc-apog-q1-2021-earnings-call; with url: https://www.fool.com/earnings/call-transcripts/2020/06/26/apogee-enterprises-inc-apog-q1-2021-earnings-call.aspx
2020-07-01 23:23:40,903 - extractors - INFO - successfully identified all 8 selectors/containers
2020-07-01 23:23:40,904 - extractors - INFO - successfully extracted call-level metadata from transcript
2020-07-01 23:23:40,910 - extractors - INFO - successfully extracted all statements (and statement-level metadata) from the transcript
2020-07-01 23:23:41,197 - scraper - INFO - s3 upload success: https://s3.console.aws.amazon.com/s3/object/fool-calls/state=structured/version=202006.1/cid=2020-06-26-apogee-enterprises-inc-apog-q1-2021-earnings-call.json
2020-07-01 23:23:41,198 - __main__ - INFO - now downloading/scraping 30 of 46
2020-07-01 23:23:41,506 - requestors - INFO - request: {'url': 'https://www.fool.com/earnings/call-transcripts/2020/06/25/novagold-resources-inc-ng-q2-2020-earnings-call-tr.aspx', 'headers': {'User-Agent': 'Mozilla/5.0 (compatible; MSIE 9.0; Windows NT 6.0; Trident/5.0)'}}
2020-07-01 23:23:41,507 - utils.decorators - INFO - post request sleep for 5 seconds ...
2020-07-01 23:23:47,297 - __main__ - INFO - s3 upload success: https://s3.console.aws.amazon.com/s3/object/fool-calls/state=downloaded/rundate=20200701/cid=2020-06-25-novagold-resources-inc-ng-q2-2020-earnings-call-tr.gz
2020-07-01 23:23:47,297 - scraper - INFO - scraping cid: 2020-06-25-novagold-resources-inc-ng-q2-2020-earnings-call-tr; with url: https://www.fool.com/earnings/call-transcripts/2020/06/25/novagold-resources-inc-ng-q2-2020-earnings-call-tr.aspx
2020-07-01 23:23:47,304 - extractors - INFO - successfully identified all 8 selectors/containers
2020-07-01 23:23:47,305 - extractors - INFO - successfully extracted call-level metadata from transcript
2020-07-01 23:23:47,312 - extractors - INFO - successfully extracted all statements (and statement-level metadata) from the transcript
2020-07-01 23:23:47,619 - scraper - INFO - s3 upload success: https://s3.console.aws.amazon.com/s3/object/fool-calls/state=structured/version=202006.1/cid=2020-06-25-novagold-resources-inc-ng-q2-2020-earnings-call-tr.json
2020-07-01 23:23:47,621 - __main__ - INFO - now downloading/scraping 31 of 46
2020-07-01 23:23:47,950 - requestors - INFO - request: {'url': 'https://www.fool.com/earnings/call-transcripts/2020/07/01/schnitzer-steel-industries-inc-schn-q3-2020-earnin.aspx', 'headers': {'User-Agent': 'Mozilla/5.0 (Windows NT 10.0; Win64; x64) AppleWebKit/537.36 (KHTML, like Gecko) Chrome/55.0.2883.87 Safari/537.36'}}
2020-07-01 23:23:47,950 - utils.decorators - INFO - post request sleep for 2 seconds ...
2020-07-01 23:23:50,374 - __main__ - INFO - s3 upload success: https://s3.console.aws.amazon.com/s3/object/fool-calls/state=downloaded/rundate=20200701/cid=2020-07-01-schnitzer-steel-industries-inc-schn-q3-2020-earnin.gz
2020-07-01 23:23:50,374 - scraper - INFO - scraping cid: 2020-07-01-schnitzer-steel-industries-inc-schn-q3-2020-earnin; with url: https://www.fool.com/earnings/call-transcripts/2020/07/01/schnitzer-steel-industries-inc-schn-q3-2020-earnin.aspx
2020-07-01 23:23:50,381 - extractors - INFO - successfully identified all 8 selectors/containers
2020-07-01 23:23:50,382 - extractors - INFO - successfully extracted call-level metadata from transcript
2020-07-01 23:23:50,384 - extractors - INFO - successfully extracted all statements (and statement-level metadata) from the transcript
2020-07-01 23:23:50,675 - scraper - INFO - s3 upload success: https://s3.console.aws.amazon.com/s3/object/fool-calls/state=structured/version=202006.1/cid=2020-07-01-schnitzer-steel-industries-inc-schn-q3-2020-earnin.json
2020-07-01 23:23:50,676 - __main__ - INFO - now downloading/scraping 32 of 46
2020-07-01 23:23:51,011 - requestors - INFO - request: {'url': 'https://www.fool.com/earnings/call-transcripts/2020/07/01/constellation-brands-inc-stz-q1-2021-earnings-call.aspx', 'headers': {'User-Agent': 'Mozilla/4.0 (compatible; MSIE 8.0; Windows NT 5.1; Trident/4.0; .NET CLR 2.0.50727; .NET CLR 3.0.4506.2152; .NET CLR 3.5.30729)'}}
2020-07-01 23:23:51,011 - utils.decorators - INFO - post request sleep for 4 seconds ...
2020-07-01 23:23:55,382 - __main__ - INFO - s3 upload success: https://s3.console.aws.amazon.com/s3/object/fool-calls/state=downloaded/rundate=20200701/cid=2020-07-01-constellation-brands-inc-stz-q1-2021-earnings-call.gz
2020-07-01 23:23:55,382 - scraper - INFO - scraping cid: 2020-07-01-constellation-brands-inc-stz-q1-2021-earnings-call; with url: https://www.fool.com/earnings/call-transcripts/2020/07/01/constellation-brands-inc-stz-q1-2021-earnings-call.aspx
2020-07-01 23:23:55,389 - extractors - INFO - successfully identified all 8 selectors/containers
2020-07-01 23:23:55,390 - extractors - INFO - successfully extracted call-level metadata from transcript
2020-07-01 23:23:55,396 - extractors - INFO - successfully extracted all statements (and statement-level metadata) from the transcript
2020-07-01 23:23:55,965 - scraper - INFO - s3 upload success: https://s3.console.aws.amazon.com/s3/object/fool-calls/state=structured/version=202006.1/cid=2020-07-01-constellation-brands-inc-stz-q1-2021-earnings-call.json
2020-07-01 23:23:55,966 - __main__ - INFO - now downloading/scraping 33 of 46
2020-07-01 23:23:56,668 - requestors - INFO - request: {'url': 'https://www.fool.com/earnings/call-transcripts/2020/06/30/rti-surgical-inc-rtix-q1-2020-earnings-call-transc.aspx', 'headers': {'User-Agent': 'Mozilla/5.0 (Windows NT 6.3; WOW64; Trident/7.0; rv:11.0) like Gecko'}}
2020-07-01 23:23:56,668 - utils.decorators - INFO - post request sleep for 5 seconds ...
2020-07-01 23:24:01,977 - __main__ - INFO - s3 upload success: https://s3.console.aws.amazon.com/s3/object/fool-calls/state=downloaded/rundate=20200701/cid=2020-06-30-rti-surgical-inc-rtix-q1-2020-earnings-call-transc.gz
2020-07-01 23:24:01,977 - scraper - INFO - scraping cid: 2020-06-30-rti-surgical-inc-rtix-q1-2020-earnings-call-transc; with url: https://www.fool.com/earnings/call-transcripts/2020/06/30/rti-surgical-inc-rtix-q1-2020-earnings-call-transc.aspx
2020-07-01 23:24:01,983 - extractors - INFO - successfully identified all 8 selectors/containers
2020-07-01 23:24:01,984 - extractors - INFO - successfully extracted call-level metadata from transcript
2020-07-01 23:24:01,989 - extractors - INFO - successfully extracted all statements (and statement-level metadata) from the transcript
2020-07-01 23:24:02,279 - scraper - INFO - s3 upload success: https://s3.console.aws.amazon.com/s3/object/fool-calls/state=structured/version=202006.1/cid=2020-06-30-rti-surgical-inc-rtix-q1-2020-earnings-call-transc.json
2020-07-01 23:24:02,281 - __main__ - INFO - now downloading/scraping 34 of 46
2020-07-01 23:24:02,644 - requestors - INFO - request: {'url': 'https://www.fool.com/earnings/call-transcripts/2020/06/30/fedex-corp-fdx-q4-2020-earnings-call-transcript.aspx', 'headers': {'User-Agent': 'Mozilla/5.0 (Windows NT 10.0; Win64; x64) AppleWebKit/537.36 (KHTML, like Gecko) Chrome/60.0.3112.113 Safari/537.36'}}
2020-07-01 23:24:02,644 - utils.decorators - INFO - post request sleep for 7 seconds ...
2020-07-01 23:24:09,946 - __main__ - INFO - s3 upload success: https://s3.console.aws.amazon.com/s3/object/fool-calls/state=downloaded/rundate=20200701/cid=2020-06-30-fedex-corp-fdx-q4-2020-earnings-call-transcript.gz
2020-07-01 23:24:09,946 - scraper - INFO - scraping cid: 2020-06-30-fedex-corp-fdx-q4-2020-earnings-call-transcript; with url: https://www.fool.com/earnings/call-transcripts/2020/06/30/fedex-corp-fdx-q4-2020-earnings-call-transcript.aspx
2020-07-01 23:24:09,954 - extractors - INFO - successfully identified all 8 selectors/containers
2020-07-01 23:24:09,955 - extractors - INFO - successfully extracted call-level metadata from transcript
2020-07-01 23:24:09,962 - extractors - INFO - successfully extracted all statements (and statement-level metadata) from the transcript
2020-07-01 23:24:10,310 - scraper - INFO - s3 upload success: https://s3.console.aws.amazon.com/s3/object/fool-calls/state=structured/version=202006.1/cid=2020-06-30-fedex-corp-fdx-q4-2020-earnings-call-transcript.json
2020-07-01 23:24:10,312 - __main__ - INFO - now downloading/scraping 35 of 46
2020-07-01 23:24:10,953 - requestors - INFO - request: {'url': 'https://www.fool.com/earnings/call-transcripts/2020/06/30/herman-miller-inc-mlhr-q4-2020-earnings-call-trans.aspx', 'headers': {'User-Agent': 'Mozilla/5.0 (Windows NT 6.1; WOW64; Trident/7.0; rv:11.0) like Gecko'}}
2020-07-01 23:24:10,953 - utils.decorators - INFO - post request sleep for 3 seconds ...
2020-07-01 23:24:14,270 - __main__ - INFO - s3 upload success: https://s3.console.aws.amazon.com/s3/object/fool-calls/state=downloaded/rundate=20200701/cid=2020-06-30-herman-miller-inc-mlhr-q4-2020-earnings-call-trans.gz
2020-07-01 23:24:14,271 - scraper - INFO - scraping cid: 2020-06-30-herman-miller-inc-mlhr-q4-2020-earnings-call-trans; with url: https://www.fool.com/earnings/call-transcripts/2020/06/30/herman-miller-inc-mlhr-q4-2020-earnings-call-trans.aspx
2020-07-01 23:24:14,277 - extractors - INFO - successfully identified all 8 selectors/containers
2020-07-01 23:24:14,279 - extractors - INFO - successfully extracted call-level metadata from transcript
2020-07-01 23:24:14,283 - extractors - INFO - successfully extracted all statements (and statement-level metadata) from the transcript
2020-07-01 23:24:14,563 - scraper - INFO - s3 upload success: https://s3.console.aws.amazon.com/s3/object/fool-calls/state=structured/version=202006.1/cid=2020-06-30-herman-miller-inc-mlhr-q4-2020-earnings-call-trans.json
2020-07-01 23:24:14,564 - __main__ - INFO - now downloading/scraping 36 of 46
2020-07-01 23:24:15,148 - requestors - INFO - request: {'url': 'https://www.fool.com/earnings/call-transcripts/2020/07/01/unifirst-corp-unf-q3-2020-earnings-call-transcript.aspx', 'headers': {'User-Agent': 'Mozilla/5.0 (Windows NT 6.3; Win64; x64) AppleWebKit/537.36 (KHTML, like Gecko) Chrome/60.0.3112.113 Safari/537.36'}}
2020-07-01 23:24:15,148 - utils.decorators - INFO - post request sleep for 3 seconds ...
2020-07-01 23:24:18,491 - __main__ - INFO - s3 upload success: https://s3.console.aws.amazon.com/s3/object/fool-calls/state=downloaded/rundate=20200701/cid=2020-07-01-unifirst-corp-unf-q3-2020-earnings-call-transcript.gz
2020-07-01 23:24:18,491 - scraper - INFO - scraping cid: 2020-07-01-unifirst-corp-unf-q3-2020-earnings-call-transcript; with url: https://www.fool.com/earnings/call-transcripts/2020/07/01/unifirst-corp-unf-q3-2020-earnings-call-transcript.aspx
2020-07-01 23:24:18,498 - extractors - INFO - successfully identified all 8 selectors/containers
2020-07-01 23:24:18,499 - extractors - INFO - successfully extracted call-level metadata from transcript
2020-07-01 23:24:18,501 - extractors - INFO - successfully extracted all statements (and statement-level metadata) from the transcript
2020-07-01 23:24:18,752 - scraper - INFO - s3 upload success: https://s3.console.aws.amazon.com/s3/object/fool-calls/state=structured/version=202006.1/cid=2020-07-01-unifirst-corp-unf-q3-2020-earnings-call-transcript.json
2020-07-01 23:24:18,754 - __main__ - INFO - now downloading/scraping 37 of 46
2020-07-01 23:24:19,072 - requestors - INFO - request: {'url': 'https://www.fool.com/earnings/call-transcripts/2020/06/26/makemytrip-limited-mmyt-q4-2020-earnings-call-tran.aspx', 'headers': {'User-Agent': 'Mozilla/5.0 (Windows NT 6.2; Win64; x64) AppleWebKit/537.36 (KHTML, like Gecko) Chrome/60.0.3112.90 Safari/537.36'}}
2020-07-01 23:24:19,072 - utils.decorators - INFO - post request sleep for 5 seconds ...
2020-07-01 23:24:24,392 - __main__ - INFO - s3 upload success: https://s3.console.aws.amazon.com/s3/object/fool-calls/state=downloaded/rundate=20200701/cid=2020-06-26-makemytrip-limited-mmyt-q4-2020-earnings-call-tran.gz
2020-07-01 23:24:24,392 - scraper - INFO - scraping cid: 2020-06-26-makemytrip-limited-mmyt-q4-2020-earnings-call-tran; with url: https://www.fool.com/earnings/call-transcripts/2020/06/26/makemytrip-limited-mmyt-q4-2020-earnings-call-tran.aspx
2020-07-01 23:24:24,403 - extractors - INFO - successfully identified all 8 selectors/containers
2020-07-01 23:24:24,404 - extractors - INFO - successfully extracted call-level metadata from transcript
2020-07-01 23:24:24,408 - extractors - INFO - successfully extracted all statements (and statement-level metadata) from the transcript
2020-07-01 23:24:24,689 - scraper - INFO - s3 upload success: https://s3.console.aws.amazon.com/s3/object/fool-calls/state=structured/version=202006.1/cid=2020-06-26-makemytrip-limited-mmyt-q4-2020-earnings-call-tran.json
2020-07-01 23:24:24,691 - __main__ - INFO - now downloading/scraping 38 of 46
2020-07-01 23:24:25,017 - requestors - INFO - request: {'url': 'https://www.fool.com/earnings/call-transcripts/2020/07/01/general-mills-inc-gis-q4-2020-earnings-call-transc.aspx', 'headers': {'User-Agent': 'Mozilla/5.0 (X11; Linux x86_64) AppleWebKit/537.36 (KHTML, like Gecko) Chrome/44.0.2403.157 Safari/537.36'}}
2020-07-01 23:24:25,017 - utils.decorators - INFO - post request sleep for 5 seconds ...
2020-07-01 23:24:30,366 - __main__ - INFO - s3 upload success: https://s3.console.aws.amazon.com/s3/object/fool-calls/state=downloaded/rundate=20200701/cid=2020-07-01-general-mills-inc-gis-q4-2020-earnings-call-transc.gz
2020-07-01 23:24:30,366 - scraper - INFO - scraping cid: 2020-07-01-general-mills-inc-gis-q4-2020-earnings-call-transc; with url: https://www.fool.com/earnings/call-transcripts/2020/07/01/general-mills-inc-gis-q4-2020-earnings-call-transc.aspx
2020-07-01 23:24:30,377 - extractors - INFO - successfully identified all 8 selectors/containers
2020-07-01 23:24:30,378 - extractors - INFO - successfully extracted call-level metadata from transcript
2020-07-01 23:24:30,388 - extractors - INFO - successfully extracted all statements (and statement-level metadata) from the transcript
2020-07-01 23:24:30,694 - scraper - INFO - s3 upload success: https://s3.console.aws.amazon.com/s3/object/fool-calls/state=structured/version=202006.1/cid=2020-07-01-general-mills-inc-gis-q4-2020-earnings-call-transc.json
2020-07-01 23:24:30,695 - __main__ - INFO - now downloading/scraping 39 of 46
2020-07-01 23:24:31,499 - requestors - INFO - request: {'url': 'https://www.fool.com/earnings/call-transcripts/2020/07/01/capri-holdings-ltd-cpri-q4-2020-earnings-call-tran.aspx', 'headers': {'User-Agent': 'Mozilla/5.0 (compatible; MSIE 9.0; Windows NT 6.1; Trident/5.0)'}}
2020-07-01 23:24:31,500 - utils.decorators - INFO - post request sleep for 8 seconds ...
2020-07-01 23:24:39,829 - __main__ - INFO - s3 upload success: https://s3.console.aws.amazon.com/s3/object/fool-calls/state=downloaded/rundate=20200701/cid=2020-07-01-capri-holdings-ltd-cpri-q4-2020-earnings-call-tran.gz
2020-07-01 23:24:39,829 - scraper - INFO - scraping cid: 2020-07-01-capri-holdings-ltd-cpri-q4-2020-earnings-call-tran; with url: https://www.fool.com/earnings/call-transcripts/2020/07/01/capri-holdings-ltd-cpri-q4-2020-earnings-call-tran.aspx
2020-07-01 23:24:39,836 - extractors - INFO - successfully identified all 8 selectors/containers
2020-07-01 23:24:39,837 - extractors - INFO - successfully extracted call-level metadata from transcript
2020-07-01 23:24:39,840 - extractors - INFO - successfully extracted all statements (and statement-level metadata) from the transcript
2020-07-01 23:24:40,129 - scraper - INFO - s3 upload success: https://s3.console.aws.amazon.com/s3/object/fool-calls/state=structured/version=202006.1/cid=2020-07-01-capri-holdings-ltd-cpri-q4-2020-earnings-call-tran.json
2020-07-01 23:24:40,131 - __main__ - INFO - now downloading/scraping 40 of 46
2020-07-01 23:24:40,728 - requestors - INFO - request: {'url': 'https://www.fool.com/earnings/call-transcripts/2020/06/30/conagra-brands-inc-cag-q4-2020-earnings-call-trans.aspx', 'headers': {'User-Agent': 'Mozilla/5.0 (Windows NT 10.0; WOW64; Trident/7.0; rv:11.0) like Gecko'}}
2020-07-01 23:24:40,729 - utils.decorators - INFO - post request sleep for 4 seconds ...
2020-07-01 23:24:45,047 - __main__ - INFO - s3 upload success: https://s3.console.aws.amazon.com/s3/object/fool-calls/state=downloaded/rundate=20200701/cid=2020-06-30-conagra-brands-inc-cag-q4-2020-earnings-call-trans.gz
2020-07-01 23:24:45,047 - scraper - INFO - scraping cid: 2020-06-30-conagra-brands-inc-cag-q4-2020-earnings-call-trans; with url: https://www.fool.com/earnings/call-transcripts/2020/06/30/conagra-brands-inc-cag-q4-2020-earnings-call-trans.aspx
2020-07-01 23:24:45,055 - extractors - INFO - successfully identified all 8 selectors/containers
2020-07-01 23:24:45,056 - extractors - INFO - successfully extracted call-level metadata from transcript
2020-07-01 23:24:45,064 - extractors - INFO - successfully extracted all statements (and statement-level metadata) from the transcript
2020-07-01 23:24:45,383 - scraper - INFO - s3 upload success: https://s3.console.aws.amazon.com/s3/object/fool-calls/state=structured/version=202006.1/cid=2020-06-30-conagra-brands-inc-cag-q4-2020-earnings-call-trans.json
2020-07-01 23:24:45,385 - __main__ - INFO - now downloading/scraping 41 of 46
2020-07-01 23:24:46,002 - requestors - INFO - request: {'url': 'https://www.fool.com/earnings/call-transcripts/2020/06/23/affimed-nv-afmd-q1-2020-earnings-call-transcript.aspx', 'headers': {'User-Agent': 'Mozilla/5.0 (Windows NT 6.1; Win64; x64) AppleWebKit/537.36 (KHTML, like Gecko) Chrome/60.0.3112.90 Safari/537.36'}}
2020-07-01 23:24:46,002 - utils.decorators - INFO - post request sleep for 7 seconds ...
2020-07-01 23:24:53,337 - __main__ - INFO - s3 upload success: https://s3.console.aws.amazon.com/s3/object/fool-calls/state=downloaded/rundate=20200701/cid=2020-06-23-affimed-nv-afmd-q1-2020-earnings-call-transcript.gz
2020-07-01 23:24:53,337 - scraper - INFO - scraping cid: 2020-06-23-affimed-nv-afmd-q1-2020-earnings-call-transcript; with url: https://www.fool.com/earnings/call-transcripts/2020/06/23/affimed-nv-afmd-q1-2020-earnings-call-transcript.aspx
2020-07-01 23:24:53,344 - extractors - INFO - successfully identified all 8 selectors/containers
2020-07-01 23:24:53,345 - extractors - INFO - successfully extracted call-level metadata from transcript
2020-07-01 23:24:53,350 - extractors - INFO - successfully extracted all statements (and statement-level metadata) from the transcript
2020-07-01 23:24:53,673 - scraper - INFO - s3 upload success: https://s3.console.aws.amazon.com/s3/object/fool-calls/state=structured/version=202006.1/cid=2020-06-23-affimed-nv-afmd-q1-2020-earnings-call-transcript.json
2020-07-01 23:24:53,674 - __main__ - INFO - now downloading/scraping 42 of 46
2020-07-01 23:24:54,220 - requestors - INFO - request: {'url': 'https://www.fool.com/earnings/call-transcripts/2020/06/23/invesco-mortgage-capital-inc-ivr-q1-2020-earnings.aspx', 'headers': {'User-Agent': 'Mozilla/5.0 (Windows NT 6.1; Trident/7.0; rv:11.0) like Gecko'}}
2020-07-01 23:24:54,220 - utils.decorators - INFO - post request sleep for 8 seconds ...
2020-07-01 23:25:02,760 - __main__ - INFO - s3 upload success: https://s3.console.aws.amazon.com/s3/object/fool-calls/state=downloaded/rundate=20200701/cid=2020-06-23-invesco-mortgage-capital-inc-ivr-q1-2020-earnings.gz
2020-07-01 23:25:02,761 - scraper - INFO - scraping cid: 2020-06-23-invesco-mortgage-capital-inc-ivr-q1-2020-earnings; with url: https://www.fool.com/earnings/call-transcripts/2020/06/23/invesco-mortgage-capital-inc-ivr-q1-2020-earnings.aspx
2020-07-01 23:25:02,767 - extractors - INFO - successfully identified all 8 selectors/containers
2020-07-01 23:25:02,768 - extractors - INFO - successfully extracted call-level metadata from transcript
2020-07-01 23:25:02,771 - extractors - INFO - successfully extracted all statements (and statement-level metadata) from the transcript
2020-07-01 23:25:03,044 - scraper - INFO - s3 upload success: https://s3.console.aws.amazon.com/s3/object/fool-calls/state=structured/version=202006.1/cid=2020-06-23-invesco-mortgage-capital-inc-ivr-q1-2020-earnings.json
2020-07-01 23:25:03,045 - __main__ - INFO - now downloading/scraping 43 of 46
2020-07-01 23:25:03,632 - requestors - INFO - request: {'url': 'https://www.fool.com/earnings/call-transcripts/2020/06/23/wt-offshore-inc-wti-q1-2020-earnings-call-transcri.aspx', 'headers': {'User-Agent': 'Mozilla/5.0 (Windows NT 6.3; WOW64; Trident/7.0; rv:11.0) like Gecko'}}
2020-07-01 23:25:03,632 - utils.decorators - INFO - post request sleep for 8 seconds ...
2020-07-01 23:25:11,970 - __main__ - INFO - s3 upload success: https://s3.console.aws.amazon.com/s3/object/fool-calls/state=downloaded/rundate=20200701/cid=2020-06-23-wt-offshore-inc-wti-q1-2020-earnings-call-transcri.gz
2020-07-01 23:25:11,970 - scraper - INFO - scraping cid: 2020-06-23-wt-offshore-inc-wti-q1-2020-earnings-call-transcri; with url: https://www.fool.com/earnings/call-transcripts/2020/06/23/wt-offshore-inc-wti-q1-2020-earnings-call-transcri.aspx
2020-07-01 23:25:11,977 - extractors - INFO - successfully identified all 8 selectors/containers
2020-07-01 23:25:11,979 - extractors - INFO - successfully extracted call-level metadata from transcript
2020-07-01 23:25:11,985 - extractors - INFO - successfully extracted all statements (and statement-level metadata) from the transcript
2020-07-01 23:25:12,249 - scraper - INFO - s3 upload success: https://s3.console.aws.amazon.com/s3/object/fool-calls/state=structured/version=202006.1/cid=2020-06-23-wt-offshore-inc-wti-q1-2020-earnings-call-transcri.json
2020-07-01 23:25:12,251 - __main__ - INFO - now downloading/scraping 44 of 46
2020-07-01 23:25:12,546 - requestors - INFO - request: {'url': 'https://www.fool.com/earnings/call-transcripts/2020/06/23/affimed-nv-afmd-q1-2020-earnings-call-transcript.aspx', 'headers': {'User-Agent': 'Mozilla/5.0 (compatible; MSIE 9.0; Windows NT 6.1; Trident/5.0)'}}
2020-07-01 23:25:12,546 - utils.decorators - INFO - post request sleep for 6 seconds ...
2020-07-01 23:25:18,896 - __main__ - INFO - s3 upload success: https://s3.console.aws.amazon.com/s3/object/fool-calls/state=downloaded/rundate=20200701/cid=2020-06-23-affimed-nv-afmd-q1-2020-earnings-call-transcript.gz
2020-07-01 23:25:18,896 - scraper - INFO - scraping cid: 2020-06-23-affimed-nv-afmd-q1-2020-earnings-call-transcript; with url: https://www.fool.com/earnings/call-transcripts/2020/06/23/affimed-nv-afmd-q1-2020-earnings-call-transcript.aspx
2020-07-01 23:25:18,903 - extractors - INFO - successfully identified all 8 selectors/containers
2020-07-01 23:25:18,903 - extractors - INFO - successfully extracted call-level metadata from transcript
2020-07-01 23:25:18,909 - extractors - INFO - successfully extracted all statements (and statement-level metadata) from the transcript
2020-07-01 23:25:19,196 - scraper - INFO - s3 upload success: https://s3.console.aws.amazon.com/s3/object/fool-calls/state=structured/version=202006.1/cid=2020-06-23-affimed-nv-afmd-q1-2020-earnings-call-transcript.json
2020-07-01 23:25:19,197 - __main__ - INFO - now downloading/scraping 45 of 46
2020-07-01 23:25:19,500 - requestors - INFO - request: {'url': 'https://www.fool.com/earnings/call-transcripts/2020/06/23/invesco-mortgage-capital-inc-ivr-q1-2020-earnings.aspx', 'headers': {'User-Agent': 'Mozilla/5.0 (Windows NT 6.1; Win64; x64) AppleWebKit/537.36 (KHTML, like Gecko) Chrome/55.0.2883.87 Safari/537.36'}}
2020-07-01 23:25:19,500 - utils.decorators - INFO - post request sleep for 3 seconds ...
2020-07-01 23:25:22,809 - __main__ - INFO - s3 upload success: https://s3.console.aws.amazon.com/s3/object/fool-calls/state=downloaded/rundate=20200701/cid=2020-06-23-invesco-mortgage-capital-inc-ivr-q1-2020-earnings.gz
2020-07-01 23:25:22,810 - scraper - INFO - scraping cid: 2020-06-23-invesco-mortgage-capital-inc-ivr-q1-2020-earnings; with url: https://www.fool.com/earnings/call-transcripts/2020/06/23/invesco-mortgage-capital-inc-ivr-q1-2020-earnings.aspx
2020-07-01 23:25:22,816 - extractors - INFO - successfully identified all 8 selectors/containers
2020-07-01 23:25:22,816 - extractors - INFO - successfully extracted call-level metadata from transcript
2020-07-01 23:25:22,820 - extractors - INFO - successfully extracted all statements (and statement-level metadata) from the transcript
2020-07-01 23:25:23,090 - scraper - INFO - s3 upload success: https://s3.console.aws.amazon.com/s3/object/fool-calls/state=structured/version=202006.1/cid=2020-06-23-invesco-mortgage-capital-inc-ivr-q1-2020-earnings.json
2020-07-01 23:25:23,092 - __main__ - INFO - now downloading/scraping 46 of 46
2020-07-01 23:25:23,416 - requestors - INFO - request: {'url': 'https://www.fool.com/earnings/call-transcripts/2020/06/23/wt-offshore-inc-wti-q1-2020-earnings-call-transcri.aspx', 'headers': {'User-Agent': 'Mozilla/5.0 (Windows NT 6.1; WOW64; Trident/7.0; rv:11.0) like Gecko'}}
2020-07-01 23:25:23,417 - utils.decorators - INFO - post request sleep for 4 seconds ...
2020-07-01 23:25:27,709 - __main__ - INFO - s3 upload success: https://s3.console.aws.amazon.com/s3/object/fool-calls/state=downloaded/rundate=20200701/cid=2020-06-23-wt-offshore-inc-wti-q1-2020-earnings-call-transcri.gz
2020-07-01 23:25:27,710 - scraper - INFO - scraping cid: 2020-06-23-wt-offshore-inc-wti-q1-2020-earnings-call-transcri; with url: https://www.fool.com/earnings/call-transcripts/2020/06/23/wt-offshore-inc-wti-q1-2020-earnings-call-transcri.aspx
2020-07-01 23:25:27,717 - extractors - INFO - successfully identified all 8 selectors/containers
2020-07-01 23:25:27,718 - extractors - INFO - successfully extracted call-level metadata from transcript
2020-07-01 23:25:27,725 - extractors - INFO - successfully extracted all statements (and statement-level metadata) from the transcript
2020-07-01 23:25:28,017 - scraper - INFO - s3 upload success: https://s3.console.aws.amazon.com/s3/object/fool-calls/state=structured/version=202006.1/cid=2020-06-23-wt-offshore-inc-wti-q1-2020-earnings-call-transcri.json
2020-07-01 23:25:28,019 - __main__ - INFO - successfully completed script
